2024-04-04T23:14:08.898+0800 INFO Restarting due to 1 class path change (0 additions, 0 deletions, 1 modification)
2024-04-04T23:14:08.900+0800 INFO Stopping ProtocolHandler ["http-nio-8080"]
2024-04-04T23:14:08.902+0800 INFO Closing JPA EntityManagerFactory for persistence unit 'default'
2024-04-04T23:14:08.902+0800 INFO HikariPool-3 - Shutdown initiated...
2024-04-04T23:14:08.904+0800 INFO HikariPool-3 - Shutdown completed.
2024-04-04T23:14:08.978+0800 INFO Starting SpringEcommerceApplication using Java 21.0.2 with PID 85436 (C:\Users\corwi\eclipse-workspace-java21\Spring-ecommerce\target\classes started by corwi in C:\Users\corwi\eclipse-workspace-java21\Spring-ecommerce)
2024-04-04T23:14:08.978+0800 INFO No active profile set, falling back to 1 default profile: "default"
2024-04-04T23:14:09.054+0800 INFO Bootstrapping Spring Data JPA repositories in DEFAULT mode.
2024-04-04T23:14:09.061+0800 INFO Finished Spring Data repository scanning in 7 ms. Found 5 JPA repository interfaces.
2024-04-04T23:14:09.094+0800 INFO Tomcat initialized with port 8080 (http)
2024-04-04T23:14:09.095+0800 INFO Initializing ProtocolHandler ["http-nio-8080"]
2024-04-04T23:14:09.095+0800 INFO Starting service [Tomcat]
2024-04-04T23:14:09.095+0800 INFO Starting Servlet engine: [Apache Tomcat/10.1.19]
2024-04-04T23:14:09.105+0800 INFO Initializing Spring embedded WebApplicationContext
2024-04-04T23:14:09.105+0800 INFO Root WebApplicationContext: initialization completed in 126 ms
2024-04-04T23:14:09.121+0800 INFO HHH000204: Processing PersistenceUnitInfo [name: default]
2024-04-04T23:14:09.122+0800 INFO HHH000026: Second-level cache disabled
2024-04-04T23:14:09.124+0800 INFO No LoadTimeWeaver setup: ignoring JPA class transformer
2024-04-04T23:14:09.124+0800 INFO HikariPool-4 - Starting...
2024-04-04T23:14:09.132+0800 INFO HikariPool-4 - Added connection com.mysql.cj.jdbc.ConnectionImpl@220cc08f
2024-04-04T23:14:09.132+0800 INFO HikariPool-4 - Start completed.
2024-04-04T23:14:09.133+0800 WARN HHH90000025: MySQLDialect does not need to be specified explicitly using 'hibernate.dialect' (remove the property setting and it will be selected by default)
2024-04-04T23:14:09.172+0800 INFO HHH000489: No JTA platform available (set 'hibernate.transaction.jta.platform' to enable JTA platform integration)
2024-04-04T23:14:09.190+0800 INFO Initialized JPA EntityManagerFactory for persistence unit 'default'
2024-04-04T23:14:09.258+0800 WARN spring.jpa.open-in-view is enabled by default. Therefore, database queries may be performed during view rendering. Explicitly configure spring.jpa.open-in-view to disable this warning
2024-04-04T23:14:09.262+0800 INFO Adding welcome page template: index
2024-04-04T23:14:09.300+0800 INFO LiveReload server is running on port 35729
2024-04-04T23:14:09.302+0800 INFO Starting ProtocolHandler ["http-nio-8080"]
2024-04-04T23:14:09.305+0800 INFO Tomcat started on port 8080 (http) with context path ''
2024-04-04T23:14:09.306+0800 INFO Started SpringEcommerceApplication in 0.35 seconds (process running for 242.497)
2024-04-04T23:14:09.307+0800 INFO Condition evaluation unchanged
2024-04-04T23:14:09.307+0800 INFO Application Start
2024-04-04T23:15:12.115+0800 INFO Restarting due to 2 class path changes (0 additions, 0 deletions, 2 modifications)
2024-04-04T23:15:12.116+0800 INFO Stopping ProtocolHandler ["http-nio-8080"]
2024-04-04T23:15:12.119+0800 INFO Closing JPA EntityManagerFactory for persistence unit 'default'
2024-04-04T23:15:12.120+0800 INFO HikariPool-4 - Shutdown initiated...
2024-04-04T23:15:12.124+0800 INFO HikariPool-4 - Shutdown completed.
2024-04-04T23:15:12.207+0800 INFO Starting SpringEcommerceApplication using Java 21.0.2 with PID 85436 (C:\Users\corwi\eclipse-workspace-java21\Spring-ecommerce\target\classes started by corwi in C:\Users\corwi\eclipse-workspace-java21\Spring-ecommerce)
2024-04-04T23:15:12.208+0800 INFO No active profile set, falling back to 1 default profile: "default"
2024-04-04T23:15:12.286+0800 INFO Bootstrapping Spring Data JPA repositories in DEFAULT mode.
2024-04-04T23:15:12.294+0800 INFO Finished Spring Data repository scanning in 8 ms. Found 5 JPA repository interfaces.
2024-04-04T23:15:12.331+0800 INFO Tomcat initialized with port 8080 (http)
2024-04-04T23:15:12.331+0800 INFO Initializing ProtocolHandler ["http-nio-8080"]
2024-04-04T23:15:12.332+0800 INFO Starting service [Tomcat]
2024-04-04T23:15:12.332+0800 INFO Starting Servlet engine: [Apache Tomcat/10.1.19]
2024-04-04T23:15:12.341+0800 INFO Initializing Spring embedded WebApplicationContext
2024-04-04T23:15:12.341+0800 INFO Root WebApplicationContext: initialization completed in 132 ms
2024-04-04T23:15:12.356+0800 INFO HHH000204: Processing PersistenceUnitInfo [name: default]
2024-04-04T23:15:12.357+0800 INFO HHH000026: Second-level cache disabled
2024-04-04T23:15:12.360+0800 INFO No LoadTimeWeaver setup: ignoring JPA class transformer
2024-04-04T23:15:12.360+0800 INFO HikariPool-5 - Starting...
2024-04-04T23:15:12.367+0800 INFO HikariPool-5 - Added connection com.mysql.cj.jdbc.ConnectionImpl@12897d9f
2024-04-04T23:15:12.367+0800 INFO HikariPool-5 - Start completed.
2024-04-04T23:15:12.368+0800 WARN HHH90000025: MySQLDialect does not need to be specified explicitly using 'hibernate.dialect' (remove the property setting and it will be selected by default)
2024-04-04T23:15:12.402+0800 INFO HHH000489: No JTA platform available (set 'hibernate.transaction.jta.platform' to enable JTA platform integration)
2024-04-04T23:15:12.418+0800 INFO Initialized JPA EntityManagerFactory for persistence unit 'default'
2024-04-04T23:15:12.482+0800 WARN spring.jpa.open-in-view is enabled by default. Therefore, database queries may be performed during view rendering. Explicitly configure spring.jpa.open-in-view to disable this warning
2024-04-04T23:15:12.485+0800 INFO Adding welcome page template: index
2024-04-04T23:15:12.520+0800 INFO LiveReload server is running on port 35729
2024-04-04T23:15:12.522+0800 INFO Starting ProtocolHandler ["http-nio-8080"]
2024-04-04T23:15:12.524+0800 INFO Tomcat started on port 8080 (http) with context path ''
2024-04-04T23:15:12.525+0800 INFO Started SpringEcommerceApplication in 0.338 seconds (process running for 305.716)
2024-04-04T23:15:12.526+0800 INFO Condition evaluation unchanged
2024-04-04T23:15:12.526+0800 INFO Application Start
2024-04-05T02:26:32.768+0800 INFO Starting SpringEcommerceApplication using Java 21.0.2 with PID 88008 (C:\Users\corwi\eclipse-workspace-java21\Spring-ecommerce\target\classes started by corwi in C:\Users\corwi\eclipse-workspace-java21\Spring-ecommerce)
2024-04-05T02:26:32.775+0800 INFO No active profile set, falling back to 1 default profile: "default"
2024-04-05T02:26:32.807+0800 INFO Devtools property defaults active! Set 'spring.devtools.add-properties' to 'false' to disable
2024-04-05T02:26:32.807+0800 INFO For additional web related logging consider setting the 'logging.level.web' property to 'DEBUG'
2024-04-05T02:26:33.274+0800 INFO Bootstrapping Spring Data JPA repositories in DEFAULT mode.
2024-04-05T02:26:33.315+0800 INFO Finished Spring Data repository scanning in 36 ms. Found 5 JPA repository interfaces.
2024-04-05T02:26:33.833+0800 INFO Tomcat initialized with port 8080 (http)
2024-04-05T02:26:33.846+0800 INFO Initializing ProtocolHandler ["http-nio-8080"]
2024-04-05T02:26:33.849+0800 INFO Starting service [Tomcat]
2024-04-05T02:26:33.849+0800 INFO Starting Servlet engine: [Apache Tomcat/10.1.19]
2024-04-05T02:26:33.890+0800 INFO Initializing Spring embedded WebApplicationContext
2024-04-05T02:26:33.890+0800 INFO Root WebApplicationContext: initialization completed in 1083 ms
2024-04-05T02:26:34.040+0800 INFO HHH000204: Processing PersistenceUnitInfo [name: default]
2024-04-05T02:26:34.074+0800 INFO HHH000412: Hibernate ORM core version 6.4.4.Final
2024-04-05T02:26:34.099+0800 INFO HHH000026: Second-level cache disabled
2024-04-05T02:26:34.242+0800 INFO No LoadTimeWeaver setup: ignoring JPA class transformer
2024-04-05T02:26:34.264+0800 INFO HikariPool-1 - Starting...
2024-04-05T02:26:34.486+0800 INFO HikariPool-1 - Added connection com.mysql.cj.jdbc.ConnectionImpl@2ee7967c
2024-04-05T02:26:34.487+0800 INFO HikariPool-1 - Start completed.
2024-04-05T02:26:34.532+0800 WARN HHH90000025: MySQLDialect does not need to be specified explicitly using 'hibernate.dialect' (remove the property setting and it will be selected by default)
2024-04-05T02:26:35.121+0800 INFO HHH000489: No JTA platform available (set 'hibernate.transaction.jta.platform' to enable JTA platform integration)
2024-04-05T02:26:35.364+0800 INFO Initialized JPA EntityManagerFactory for persistence unit 'default'
2024-04-05T02:26:35.594+0800 INFO Hibernate is in classpath; If applicable, HQL parser will be used.
2024-04-05T02:26:35.887+0800 WARN spring.jpa.open-in-view is enabled by default. Therefore, database queries may be performed during view rendering. Explicitly configure spring.jpa.open-in-view to disable this warning
2024-04-05T02:26:35.924+0800 INFO Adding welcome page template: index
2024-04-05T02:26:36.329+0800 INFO LiveReload server is running on port 35729
2024-04-05T02:26:36.344+0800 INFO Starting ProtocolHandler ["http-nio-8080"]
2024-04-05T02:26:36.374+0800 INFO Tomcat started on port 8080 (http) with context path ''
2024-04-05T02:26:36.380+0800 INFO Started SpringEcommerceApplication in 3.837 seconds (process running for 4.55)
2024-04-05T02:26:36.384+0800 INFO Application Start
2024-04-05T02:29:32.873+0800 INFO Initializing Spring DispatcherServlet 'dispatcherServlet'
2024-04-05T02:29:32.873+0800 INFO Initializing Servlet 'dispatcherServlet'
2024-04-05T02:29:32.874+0800 INFO Completed initialization in 1 ms
2024-04-05T02:29:55.885+0800 INFO invalid username or password input: User name = 123 Password = 123
2024-04-05T02:30:04.946+0800 INFO Admin Authentication was successful!
2024-04-05T02:30:04.957+0800 INFO []
2024-04-05T02:30:43.457+0800 INFO register: Product [id=1, name=nike, description=this is a pair of nike]
2024-04-05T02:30:43.471+0800 INFO [Product [id=1, name=nike, description=this is a pair of nike]]
2024-04-05T02:30:52.092+0800 INFO register: Product [id=2, name=jordon, description=this is a pair of jordon]
2024-04-05T02:30:52.102+0800 INFO [Product [id=1, name=nike, description=this is a pair of nike], Product [id=2, name=jordon, description=this is a pair of jordon]]
2024-04-05T02:31:22.373+0800 INFO User registration processing...
2024-04-05T02:31:22.374+0800 INFO New register User : corwin
2024-04-05T02:31:28.657+0800 INFO User corwin successfully logged in
2024-04-05T02:31:28.669+0800 INFO corwin
2024-04-05T02:32:17.424+0800 INFO corwin updated FirstName : ching ho | LastName : yip| Address : hk
2024-04-05T02:32:17.444+0800 INFO corwin
2024-04-05T02:32:38.062+0800 INFO corwin updated FirstName : ching  | LastName : yip| Address : singapore
2024-04-05T02:32:38.077+0800 INFO corwin
2024-04-05T02:32:42.557+0800 INFO corwin updated FirstName :  | LastName : | Address : 
2024-04-05T02:32:42.579+0800 INFO corwin
2024-04-05T02:32:45.173+0800 INFO corwin updated FirstName :  | LastName : | Address : 
2024-04-05T02:32:45.179+0800 INFO corwin
2024-04-05T02:33:10.549+0800 INFO corwin
2024-04-05T02:33:10.549+0800 INFO class java.lang.String
2024-04-05T02:33:35.072+0800 INFO start ordering
2024-04-05T02:33:35.073+0800 INFO received order from: corwin ordering: nike
2024-04-05T02:33:35.076+0800 INFO found Product [id=1, name=nike, description=this is a pair of nike]
2024-04-05T02:33:35.116+0800 INFO com.fdmgroup.model.Order@78f38d86
2024-04-05T02:33:35.120+0800 INFO corwin
2024-04-05T02:33:48.114+0800 INFO corwin
2024-04-05T02:33:48.114+0800 INFO class java.lang.String
2024-04-05T02:33:49.877+0800 INFO start ordering
2024-04-05T02:33:49.878+0800 INFO received order from: corwin ordering: nike
2024-04-05T02:33:49.880+0800 INFO found Product [id=1, name=nike, description=this is a pair of nike]
2024-04-05T02:33:49.913+0800 INFO com.fdmgroup.model.Order@f96ccc6
2024-04-05T02:33:49.918+0800 INFO corwin
2024-04-05T02:33:54.508+0800 INFO corwin
2024-04-05T02:33:54.508+0800 INFO class java.lang.String
2024-04-05T02:33:56.004+0800 INFO start ordering
2024-04-05T02:33:56.004+0800 INFO received order from: corwin ordering: jordon
2024-04-05T02:33:56.007+0800 INFO found Product [id=2, name=jordon, description=this is a pair of jordon]
2024-04-05T02:33:56.021+0800 INFO com.fdmgroup.model.Order@44e03ccc
2024-04-05T02:33:56.026+0800 INFO corwin
2024-04-05T02:34:27.143+0800 INFO User logged out.
2024-04-05T03:52:09.527+0800 INFO Restarting due to 4 class path changes (0 additions, 1 deletion, 3 modifications)
2024-04-05T03:52:09.543+0800 INFO Stopping ProtocolHandler ["http-nio-8080"]
2024-04-05T03:52:09.549+0800 INFO Closing JPA EntityManagerFactory for persistence unit 'default'
2024-04-05T03:52:09.560+0800 INFO HikariPool-1 - Shutdown initiated...
2024-04-05T03:52:09.563+0800 INFO HikariPool-1 - Shutdown completed.
2024-04-05T03:52:09.766+0800 INFO Starting SpringEcommerceApplication using Java 21.0.2 with PID 88008 (C:\Users\corwi\eclipse-workspace-java21\Spring-ecommerce\target\classes started by corwi in C:\Users\corwi\eclipse-workspace-java21\Spring-ecommerce)
2024-04-05T03:52:09.767+0800 INFO No active profile set, falling back to 1 default profile: "default"
2024-04-05T03:52:09.931+0800 INFO Bootstrapping Spring Data JPA repositories in DEFAULT mode.
2024-04-05T03:52:09.940+0800 INFO Finished Spring Data repository scanning in 9 ms. Found 5 JPA repository interfaces.
2024-04-05T03:52:10.007+0800 INFO Tomcat initialized with port 8080 (http)
2024-04-05T03:52:10.009+0800 INFO Initializing ProtocolHandler ["http-nio-8080"]
2024-04-05T03:52:10.009+0800 INFO Starting service [Tomcat]
2024-04-05T03:52:10.010+0800 INFO Starting Servlet engine: [Apache Tomcat/10.1.19]
2024-04-05T03:52:10.023+0800 INFO Initializing Spring embedded WebApplicationContext
2024-04-05T03:52:10.024+0800 INFO Root WebApplicationContext: initialization completed in 257 ms
2024-04-05T03:52:10.055+0800 INFO HHH000204: Processing PersistenceUnitInfo [name: default]
2024-04-05T03:52:10.057+0800 INFO HHH000026: Second-level cache disabled
2024-04-05T03:52:10.060+0800 INFO No LoadTimeWeaver setup: ignoring JPA class transformer
2024-04-05T03:52:10.060+0800 INFO HikariPool-2 - Starting...
2024-04-05T03:52:10.069+0800 INFO HikariPool-2 - Added connection com.mysql.cj.jdbc.ConnectionImpl@5252a81b
2024-04-05T03:52:10.069+0800 INFO HikariPool-2 - Start completed.
2024-04-05T03:52:10.070+0800 WARN HHH90000025: MySQLDialect does not need to be specified explicitly using 'hibernate.dialect' (remove the property setting and it will be selected by default)
2024-04-05T03:52:10.114+0800 INFO HHH000489: No JTA platform available (set 'hibernate.transaction.jta.platform' to enable JTA platform integration)
2024-04-05T03:52:10.138+0800 INFO Initialized JPA EntityManagerFactory for persistence unit 'default'
2024-04-05T03:52:10.209+0800 WARN spring.jpa.open-in-view is enabled by default. Therefore, database queries may be performed during view rendering. Explicitly configure spring.jpa.open-in-view to disable this warning
2024-04-05T03:52:10.212+0800 INFO Adding welcome page template: index
2024-04-05T03:52:10.259+0800 INFO LiveReload server is running on port 35729
2024-04-05T03:52:10.262+0800 INFO Starting ProtocolHandler ["http-nio-8080"]
2024-04-05T03:52:10.265+0800 INFO Tomcat started on port 8080 (http) with context path ''
2024-04-05T03:52:10.268+0800 INFO Started SpringEcommerceApplication in 0.541 seconds (process running for 5138.437)
2024-04-05T03:52:10.269+0800 INFO Condition evaluation unchanged
2024-04-05T03:52:10.269+0800 INFO Application Start
2024-04-05T03:52:30.115+0800 INFO Restarting due to 1 class path change (1 addition, 0 deletions, 0 modifications)
2024-04-05T03:52:30.116+0800 INFO Stopping ProtocolHandler ["http-nio-8080"]
2024-04-05T03:52:30.118+0800 INFO Closing JPA EntityManagerFactory for persistence unit 'default'
2024-04-05T03:52:30.119+0800 INFO HikariPool-2 - Shutdown initiated...
2024-04-05T03:52:30.122+0800 INFO HikariPool-2 - Shutdown completed.
2024-04-05T03:52:30.197+0800 INFO Starting SpringEcommerceApplication using Java 21.0.2 with PID 88008 (C:\Users\corwi\eclipse-workspace-java21\Spring-ecommerce\target\classes started by corwi in C:\Users\corwi\eclipse-workspace-java21\Spring-ecommerce)
2024-04-05T03:52:30.198+0800 INFO No active profile set, falling back to 1 default profile: "default"
2024-04-05T03:52:30.280+0800 INFO Bootstrapping Spring Data JPA repositories in DEFAULT mode.
2024-04-05T03:52:30.289+0800 INFO Finished Spring Data repository scanning in 8 ms. Found 5 JPA repository interfaces.
2024-04-05T03:52:30.326+0800 INFO Tomcat initialized with port 8080 (http)
2024-04-05T03:52:30.326+0800 INFO Initializing ProtocolHandler ["http-nio-8080"]
2024-04-05T03:52:30.326+0800 INFO Starting service [Tomcat]
2024-04-05T03:52:30.327+0800 INFO Starting Servlet engine: [Apache Tomcat/10.1.19]
2024-04-05T03:52:30.335+0800 INFO Initializing Spring embedded WebApplicationContext
2024-04-05T03:52:30.336+0800 INFO Root WebApplicationContext: initialization completed in 137 ms
2024-04-05T03:52:30.350+0800 INFO HHH000204: Processing PersistenceUnitInfo [name: default]
2024-04-05T03:52:30.351+0800 INFO HHH000026: Second-level cache disabled
2024-04-05T03:52:30.353+0800 INFO No LoadTimeWeaver setup: ignoring JPA class transformer
2024-04-05T03:52:30.354+0800 INFO HikariPool-3 - Starting...
2024-04-05T03:52:30.361+0800 INFO HikariPool-3 - Added connection com.mysql.cj.jdbc.ConnectionImpl@51940e1d
2024-04-05T03:52:30.361+0800 INFO HikariPool-3 - Start completed.
2024-04-05T03:52:30.362+0800 WARN HHH90000025: MySQLDialect does not need to be specified explicitly using 'hibernate.dialect' (remove the property setting and it will be selected by default)
2024-04-05T03:52:30.404+0800 INFO HHH000489: No JTA platform available (set 'hibernate.transaction.jta.platform' to enable JTA platform integration)
2024-04-05T03:52:30.422+0800 INFO Initialized JPA EntityManagerFactory for persistence unit 'default'
2024-04-05T03:52:30.488+0800 WARN spring.jpa.open-in-view is enabled by default. Therefore, database queries may be performed during view rendering. Explicitly configure spring.jpa.open-in-view to disable this warning
2024-04-05T03:52:30.491+0800 INFO Adding welcome page template: index
2024-04-05T03:52:30.528+0800 INFO LiveReload server is running on port 35729
2024-04-05T03:52:30.530+0800 INFO Starting ProtocolHandler ["http-nio-8080"]
2024-04-05T03:52:30.532+0800 INFO Tomcat started on port 8080 (http) with context path ''
2024-04-05T03:52:30.534+0800 INFO Started SpringEcommerceApplication in 0.356 seconds (process running for 5158.704)
2024-04-05T03:52:30.535+0800 INFO Condition evaluation unchanged
2024-04-05T03:52:30.535+0800 INFO Application Start
2024-04-05T03:52:35.050+0800 INFO Restarting due to 4 class path changes (0 additions, 1 deletion, 3 modifications)
2024-04-05T03:52:35.051+0800 INFO Stopping ProtocolHandler ["http-nio-8080"]
2024-04-05T03:52:35.054+0800 INFO Closing JPA EntityManagerFactory for persistence unit 'default'
2024-04-05T03:52:35.055+0800 INFO HikariPool-3 - Shutdown initiated...
2024-04-05T03:52:35.058+0800 INFO HikariPool-3 - Shutdown completed.
2024-04-05T03:52:35.128+0800 INFO Starting SpringEcommerceApplication using Java 21.0.2 with PID 88008 (C:\Users\corwi\eclipse-workspace-java21\Spring-ecommerce\target\classes started by corwi in C:\Users\corwi\eclipse-workspace-java21\Spring-ecommerce)
2024-04-05T03:52:35.129+0800 INFO No active profile set, falling back to 1 default profile: "default"
2024-04-05T03:52:35.191+0800 INFO Bootstrapping Spring Data JPA repositories in DEFAULT mode.
2024-04-05T03:52:35.198+0800 INFO Finished Spring Data repository scanning in 6 ms. Found 5 JPA repository interfaces.
2024-04-05T03:52:35.232+0800 INFO Tomcat initialized with port 8080 (http)
2024-04-05T03:52:35.233+0800 INFO Initializing ProtocolHandler ["http-nio-8080"]
2024-04-05T03:52:35.233+0800 INFO Starting service [Tomcat]
2024-04-05T03:52:35.233+0800 INFO Starting Servlet engine: [Apache Tomcat/10.1.19]
2024-04-05T03:52:35.242+0800 INFO Initializing Spring embedded WebApplicationContext
2024-04-05T03:52:35.242+0800 INFO Root WebApplicationContext: initialization completed in 112 ms
2024-04-05T03:52:35.254+0800 INFO HHH000204: Processing PersistenceUnitInfo [name: default]
2024-04-05T03:52:35.256+0800 INFO HHH000026: Second-level cache disabled
2024-04-05T03:52:35.258+0800 INFO No LoadTimeWeaver setup: ignoring JPA class transformer
2024-04-05T03:52:35.259+0800 INFO HikariPool-4 - Starting...
2024-04-05T03:52:35.265+0800 INFO HikariPool-4 - Added connection com.mysql.cj.jdbc.ConnectionImpl@4e9b6897
2024-04-05T03:52:35.265+0800 INFO HikariPool-4 - Start completed.
2024-04-05T03:52:35.266+0800 WARN HHH90000025: MySQLDialect does not need to be specified explicitly using 'hibernate.dialect' (remove the property setting and it will be selected by default)
2024-04-05T03:52:35.302+0800 INFO HHH000489: No JTA platform available (set 'hibernate.transaction.jta.platform' to enable JTA platform integration)
2024-04-05T03:52:35.320+0800 INFO Initialized JPA EntityManagerFactory for persistence unit 'default'
2024-04-05T03:52:35.378+0800 WARN spring.jpa.open-in-view is enabled by default. Therefore, database queries may be performed during view rendering. Explicitly configure spring.jpa.open-in-view to disable this warning
2024-04-05T03:52:35.381+0800 INFO Adding welcome page template: index
2024-04-05T03:52:35.418+0800 INFO LiveReload server is running on port 35729
2024-04-05T03:52:35.419+0800 INFO Starting ProtocolHandler ["http-nio-8080"]
2024-04-05T03:52:35.421+0800 INFO Tomcat started on port 8080 (http) with context path ''
2024-04-05T03:52:35.422+0800 INFO Started SpringEcommerceApplication in 0.314 seconds (process running for 5163.592)
2024-04-05T03:52:35.423+0800 INFO Condition evaluation unchanged
2024-04-05T03:52:35.423+0800 INFO Application Start
2024-04-05T04:08:11.968+0800 INFO Initializing Spring DispatcherServlet 'dispatcherServlet'
2024-04-05T04:08:11.968+0800 INFO Initializing Servlet 'dispatcherServlet'
2024-04-05T04:08:11.968+0800 INFO Completed initialization in 0 ms
2024-04-05T04:08:18.035+0800 INFO User registration processing...
2024-04-05T04:08:18.035+0800 INFO New register User : 123
2024-04-05T04:08:20.180+0800 INFO User 123 successfully logged in
2024-04-05T04:08:20.186+0800 INFO 123
2024-04-05T04:08:25.418+0800 INFO 123 updated FirstName : 1 | LastName : 2| Address : 3
2024-04-05T04:08:25.430+0800 INFO 123
2024-04-05T04:08:27.580+0800 INFO 123
2024-04-05T04:08:27.580+0800 INFO class java.lang.String
2024-04-05T04:08:28.899+0800 INFO start ordering
2024-04-05T04:08:28.899+0800 INFO received order from: 123 ordering: nike
2024-04-05T04:08:28.902+0800 INFO found Product [id=1, name=nike, description=this is a pair of nike]
2024-04-05T04:08:28.929+0800 INFO com.fdmgroup.model.Order@23b891e7
2024-04-05T04:08:28.932+0800 INFO 123
2024-04-05T04:08:33.534+0800 INFO 123
2024-04-05T04:08:33.534+0800 INFO class java.lang.String
2024-04-05T04:08:34.098+0800 INFO start ordering
2024-04-05T04:08:34.098+0800 INFO received order from: 123 ordering: jordon
2024-04-05T04:08:34.101+0800 INFO found Product [id=2, name=jordon, description=this is a pair of jordon]
2024-04-05T04:08:34.118+0800 INFO com.fdmgroup.model.Order@136b4446
2024-04-05T04:08:34.125+0800 INFO 123
2024-04-05T04:08:42.484+0800 INFO User logged out.
2024-04-05T04:08:46.197+0800 INFO invalid username or password input: User name = admin Password = ADMIN
2024-04-05T04:08:53.224+0800 INFO Admin Authentication was successful!
2024-04-05T04:08:53.233+0800 INFO [Product [id=1, name=nike, description=this is a pair of nike], Product [id=2, name=jordon, description=this is a pair of jordon]]
2024-04-05T04:09:05.476+0800 INFO register: Product [id=52, name=puma, description=this is pumaaaa]
2024-04-05T04:09:05.484+0800 INFO [Product [id=1, name=nike, description=this is a pair of nike], Product [id=2, name=jordon, description=this is a pair of jordon], Product [id=52, name=puma, description=this is pumaaaa]]
2024-04-05T04:09:15.930+0800 INFO User 123 successfully logged in
2024-04-05T04:09:15.936+0800 INFO 123
2024-04-05T04:09:17.793+0800 INFO 123
2024-04-05T04:09:17.793+0800 INFO class java.lang.String
2024-04-05T04:09:19.112+0800 INFO start ordering
2024-04-05T04:09:19.113+0800 INFO received order from: 123 ordering: puma
2024-04-05T04:09:19.115+0800 INFO found Product [id=52, name=puma, description=this is pumaaaa]
2024-04-05T04:09:19.137+0800 INFO com.fdmgroup.model.Order@20d15917
2024-04-05T04:09:19.145+0800 INFO 123
2024-04-05T04:26:14.400+0800 INFO Restarting due to 5 class path changes (1 addition, 1 deletion, 3 modifications)
2024-04-05T04:26:14.403+0800 INFO Stopping ProtocolHandler ["http-nio-8080"]
2024-04-05T04:26:14.404+0800 INFO Closing JPA EntityManagerFactory for persistence unit 'default'
2024-04-05T04:26:14.405+0800 INFO HikariPool-4 - Shutdown initiated...
2024-04-05T04:26:14.407+0800 INFO HikariPool-4 - Shutdown completed.
2024-04-05T04:26:14.501+0800 INFO Starting SpringEcommerceApplication using Java 21.0.2 with PID 88008 (C:\Users\corwi\eclipse-workspace-java21\Spring-ecommerce\target\classes started by corwi in C:\Users\corwi\eclipse-workspace-java21\Spring-ecommerce)
2024-04-05T04:26:14.502+0800 INFO No active profile set, falling back to 1 default profile: "default"
2024-04-05T04:26:14.581+0800 INFO Bootstrapping Spring Data JPA repositories in DEFAULT mode.
2024-04-05T04:26:14.589+0800 INFO Finished Spring Data repository scanning in 8 ms. Found 5 JPA repository interfaces.
2024-04-05T04:26:14.625+0800 INFO Tomcat initialized with port 8080 (http)
2024-04-05T04:26:14.626+0800 INFO Initializing ProtocolHandler ["http-nio-8080"]
2024-04-05T04:26:14.626+0800 INFO Starting service [Tomcat]
2024-04-05T04:26:14.627+0800 INFO Starting Servlet engine: [Apache Tomcat/10.1.19]
2024-04-05T04:26:14.636+0800 INFO Initializing Spring embedded WebApplicationContext
2024-04-05T04:26:14.636+0800 INFO Root WebApplicationContext: initialization completed in 132 ms
2024-04-05T04:26:14.655+0800 INFO HHH000204: Processing PersistenceUnitInfo [name: default]
2024-04-05T04:26:14.657+0800 INFO HHH000026: Second-level cache disabled
2024-04-05T04:26:14.659+0800 INFO No LoadTimeWeaver setup: ignoring JPA class transformer
2024-04-05T04:26:14.659+0800 INFO HikariPool-5 - Starting...
2024-04-05T04:26:14.666+0800 INFO HikariPool-5 - Added connection com.mysql.cj.jdbc.ConnectionImpl@6048ef33
2024-04-05T04:26:14.666+0800 INFO HikariPool-5 - Start completed.
2024-04-05T04:26:14.666+0800 WARN HHH90000025: MySQLDialect does not need to be specified explicitly using 'hibernate.dialect' (remove the property setting and it will be selected by default)
2024-04-05T04:26:14.698+0800 INFO HHH000489: No JTA platform available (set 'hibernate.transaction.jta.platform' to enable JTA platform integration)
2024-04-05T04:26:14.714+0800 INFO Initialized JPA EntityManagerFactory for persistence unit 'default'
2024-04-05T04:26:14.778+0800 WARN spring.jpa.open-in-view is enabled by default. Therefore, database queries may be performed during view rendering. Explicitly configure spring.jpa.open-in-view to disable this warning
2024-04-05T04:26:14.781+0800 INFO Adding welcome page template: index
2024-04-05T04:26:14.815+0800 INFO LiveReload server is running on port 35729
2024-04-05T04:26:14.817+0800 INFO Starting ProtocolHandler ["http-nio-8080"]
2024-04-05T04:26:14.819+0800 INFO Tomcat started on port 8080 (http) with context path ''
2024-04-05T04:26:14.820+0800 INFO Started SpringEcommerceApplication in 0.338 seconds (process running for 7182.99)
2024-04-05T04:26:14.821+0800 INFO Condition evaluation unchanged
2024-04-05T04:26:14.821+0800 INFO Application Start
2024-04-05T04:30:16.904+0800 INFO Restarting due to 1 class path change (1 addition, 0 deletions, 0 modifications)
2024-04-05T04:30:16.906+0800 INFO Stopping ProtocolHandler ["http-nio-8080"]
2024-04-05T04:30:16.909+0800 INFO Closing JPA EntityManagerFactory for persistence unit 'default'
2024-04-05T04:30:16.909+0800 INFO HikariPool-5 - Shutdown initiated...
2024-04-05T04:30:16.912+0800 INFO HikariPool-5 - Shutdown completed.
2024-04-05T04:30:16.992+0800 INFO Starting SpringEcommerceApplication using Java 21.0.2 with PID 88008 (C:\Users\corwi\eclipse-workspace-java21\Spring-ecommerce\target\classes started by corwi in C:\Users\corwi\eclipse-workspace-java21\Spring-ecommerce)
2024-04-05T04:30:16.992+0800 INFO No active profile set, falling back to 1 default profile: "default"
2024-04-05T04:30:17.055+0800 INFO Bootstrapping Spring Data JPA repositories in DEFAULT mode.
2024-04-05T04:30:17.064+0800 INFO Finished Spring Data repository scanning in 8 ms. Found 5 JPA repository interfaces.
2024-04-05T04:30:17.100+0800 INFO Tomcat initialized with port 8080 (http)
2024-04-05T04:30:17.100+0800 INFO Initializing ProtocolHandler ["http-nio-8080"]
2024-04-05T04:30:17.100+0800 INFO Starting service [Tomcat]
2024-04-05T04:30:17.100+0800 INFO Starting Servlet engine: [Apache Tomcat/10.1.19]
2024-04-05T04:30:17.109+0800 INFO Initializing Spring embedded WebApplicationContext
2024-04-05T04:30:17.109+0800 INFO Root WebApplicationContext: initialization completed in 116 ms
2024-04-05T04:30:17.124+0800 INFO HHH000204: Processing PersistenceUnitInfo [name: default]
2024-04-05T04:30:17.126+0800 INFO HHH000026: Second-level cache disabled
2024-04-05T04:30:17.128+0800 INFO No LoadTimeWeaver setup: ignoring JPA class transformer
2024-04-05T04:30:17.128+0800 INFO HikariPool-6 - Starting...
2024-04-05T04:30:17.136+0800 INFO HikariPool-6 - Added connection com.mysql.cj.jdbc.ConnectionImpl@1a69612e
2024-04-05T04:30:17.136+0800 INFO HikariPool-6 - Start completed.
2024-04-05T04:30:17.136+0800 WARN HHH90000025: MySQLDialect does not need to be specified explicitly using 'hibernate.dialect' (remove the property setting and it will be selected by default)
2024-04-05T04:30:17.167+0800 INFO HHH000489: No JTA platform available (set 'hibernate.transaction.jta.platform' to enable JTA platform integration)
2024-04-05T04:30:17.184+0800 INFO Initialized JPA EntityManagerFactory for persistence unit 'default'
2024-04-05T04:30:17.239+0800 WARN spring.jpa.open-in-view is enabled by default. Therefore, database queries may be performed during view rendering. Explicitly configure spring.jpa.open-in-view to disable this warning
2024-04-05T04:30:17.242+0800 INFO Adding welcome page template: index
2024-04-05T04:30:17.274+0800 INFO LiveReload server is running on port 35729
2024-04-05T04:30:17.276+0800 INFO Starting ProtocolHandler ["http-nio-8080"]
2024-04-05T04:30:17.278+0800 INFO Tomcat started on port 8080 (http) with context path ''
2024-04-05T04:30:17.279+0800 INFO Started SpringEcommerceApplication in 0.307 seconds (process running for 7425.449)
2024-04-05T04:30:17.279+0800 INFO Condition evaluation unchanged
2024-04-05T04:30:17.279+0800 INFO Application Start
2024-04-05T04:30:31.262+0800 INFO Could not detect default configuration classes for test class [com.fdmgroup.controller.ControllerTest]: ControllerTest does not declare any static, non-private, non-final, nested classes annotated with @Configuration.
2024-04-05T04:30:31.338+0800 INFO Found @SpringBootConfiguration com.fdmgroup.SpringEcommerceApplication for test class com.fdmgroup.controller.ControllerTest
2024-04-05T04:30:31.445+0800 INFO Restart disabled due to context in which it is running
2024-04-05T04:30:31.592+0800 INFO Starting ControllerTest using Java 21.0.2 with PID 29580 (started by corwi in C:\Users\corwi\eclipse-workspace-java21\Spring-ecommerce)
2024-04-05T04:30:31.594+0800 INFO No active profile set, falling back to 1 default profile: "default"
2024-04-05T04:30:32.006+0800 INFO Bootstrapping Spring Data JPA repositories in DEFAULT mode.
2024-04-05T04:30:32.048+0800 INFO Finished Spring Data repository scanning in 36 ms. Found 5 JPA repository interfaces.
2024-04-05T04:30:33.461+0800 INFO HHH000204: Processing PersistenceUnitInfo [name: default]
2024-04-05T04:30:33.541+0800 INFO HHH000412: Hibernate ORM core version 6.4.4.Final
2024-04-05T04:30:33.577+0800 INFO HHH000026: Second-level cache disabled
2024-04-05T04:30:33.668+0800 INFO No LoadTimeWeaver setup: ignoring JPA class transformer
2024-04-05T04:30:33.707+0800 INFO HikariPool-1 - Starting...
2024-04-05T04:30:34.055+0800 INFO HikariPool-1 - Added connection com.mysql.cj.jdbc.ConnectionImpl@7fb9a83c
2024-04-05T04:30:34.056+0800 INFO HikariPool-1 - Start completed.
2024-04-05T04:30:34.099+0800 WARN HHH90000025: MySQLDialect does not need to be specified explicitly using 'hibernate.dialect' (remove the property setting and it will be selected by default)
2024-04-05T04:30:34.673+0800 INFO HHH000489: No JTA platform available (set 'hibernate.transaction.jta.platform' to enable JTA platform integration)
2024-04-05T04:30:34.935+0800 INFO Initialized JPA EntityManagerFactory for persistence unit 'default'
2024-04-05T04:30:35.292+0800 INFO Hibernate is in classpath; If applicable, HQL parser will be used.
2024-04-05T04:30:35.643+0800 WARN spring.jpa.open-in-view is enabled by default. Therefore, database queries may be performed during view rendering. Explicitly configure spring.jpa.open-in-view to disable this warning
2024-04-05T04:30:35.660+0800 INFO Adding welcome page template: index
2024-04-05T04:30:36.044+0800 INFO Started ControllerTest in 4.611 seconds (process running for 8.269)
2024-04-05T04:30:36.665+0800 INFO User testuser successfully logged in
2024-04-05T04:30:36.700+0800 INFO invalid username or password input: User name = invaliduser Password = invalidpassword
2024-04-05T04:30:36.717+0800 INFO testuser
2024-04-05T04:30:36.734+0800 INFO Admin Authentication was successful!
2024-04-05T04:30:36.748+0800 INFO testuser updated FirstName : John | LastName : Doe| Address : 123 Main St
2024-04-05T04:30:36.783+0800 INFO User registration processing...
2024-04-05T04:30:36.783+0800 INFO New register User : testuser
2024-04-05T04:30:36.804+0800 INFO start ordering
2024-04-05T04:30:36.805+0800 INFO received order from: testuser ordering: Test Product
2024-04-05T04:30:36.809+0800 INFO found Product [id=0, name=Test Product, description=test description]
2024-04-05T04:30:36.810+0800 INFO com.fdmgroup.model.Order@3e706fc2
2024-04-05T04:30:36.826+0800 INFO Closing JPA EntityManagerFactory for persistence unit 'default'
2024-04-05T04:30:36.829+0800 INFO HikariPool-1 - Shutdown initiated...
2024-04-05T04:30:36.840+0800 INFO HikariPool-1 - Shutdown completed.
2024-04-05T04:30:45.134+0800 INFO Could not detect default configuration classes for test class [com.fdmgroup.controller.ControllerTest]: ControllerTest does not declare any static, non-private, non-final, nested classes annotated with @Configuration.
2024-04-05T04:30:45.203+0800 INFO Found @SpringBootConfiguration com.fdmgroup.SpringEcommerceApplication for test class com.fdmgroup.controller.ControllerTest
2024-04-05T04:30:45.304+0800 INFO Restart disabled due to context in which it is running
2024-04-05T04:30:45.462+0800 INFO Starting ControllerTest using Java 21.0.2 with PID 96632 (started by corwi in C:\Users\corwi\eclipse-workspace-java21\Spring-ecommerce)
2024-04-05T04:30:45.465+0800 INFO No active profile set, falling back to 1 default profile: "default"
2024-04-05T04:30:45.911+0800 INFO Bootstrapping Spring Data JPA repositories in DEFAULT mode.
2024-04-05T04:30:45.953+0800 INFO Finished Spring Data repository scanning in 35 ms. Found 5 JPA repository interfaces.
2024-04-05T04:30:47.295+0800 INFO HHH000204: Processing PersistenceUnitInfo [name: default]
2024-04-05T04:30:47.347+0800 INFO HHH000412: Hibernate ORM core version 6.4.4.Final
2024-04-05T04:30:47.377+0800 INFO HHH000026: Second-level cache disabled
2024-04-05T04:30:47.468+0800 INFO No LoadTimeWeaver setup: ignoring JPA class transformer
2024-04-05T04:30:47.499+0800 INFO HikariPool-1 - Starting...
2024-04-05T04:30:47.817+0800 INFO HikariPool-1 - Added connection com.mysql.cj.jdbc.ConnectionImpl@42a7e7e1
2024-04-05T04:30:47.819+0800 INFO HikariPool-1 - Start completed.
2024-04-05T04:30:47.863+0800 WARN HHH90000025: MySQLDialect does not need to be specified explicitly using 'hibernate.dialect' (remove the property setting and it will be selected by default)
2024-04-05T04:30:48.408+0800 INFO HHH000489: No JTA platform available (set 'hibernate.transaction.jta.platform' to enable JTA platform integration)
2024-04-05T04:30:48.649+0800 INFO Initialized JPA EntityManagerFactory for persistence unit 'default'
2024-04-05T04:30:48.952+0800 INFO Hibernate is in classpath; If applicable, HQL parser will be used.
2024-04-05T04:30:49.273+0800 WARN spring.jpa.open-in-view is enabled by default. Therefore, database queries may be performed during view rendering. Explicitly configure spring.jpa.open-in-view to disable this warning
2024-04-05T04:30:49.295+0800 INFO Adding welcome page template: index
2024-04-05T04:30:49.702+0800 INFO Started ControllerTest in 4.406 seconds (process running for 5.523)
2024-04-05T04:30:50.277+0800 INFO User testuser successfully logged in
2024-04-05T04:30:50.324+0800 INFO invalid username or password input: User name = invaliduser Password = invalidpassword
2024-04-05T04:30:50.338+0800 INFO testuser
2024-04-05T04:30:50.353+0800 INFO Admin Authentication was successful!
2024-04-05T04:30:50.368+0800 INFO testuser updated FirstName : John | LastName : Doe| Address : 123 Main St
2024-04-05T04:30:50.424+0800 INFO User registration processing...
2024-04-05T04:30:50.424+0800 INFO New register User : testuser
2024-04-05T04:30:50.449+0800 INFO start ordering
2024-04-05T04:30:50.449+0800 INFO received order from: testuser ordering: Test Product
2024-04-05T04:30:50.454+0800 INFO found Product [id=0, name=Test Product, description=test description]
2024-04-05T04:30:50.455+0800 INFO com.fdmgroup.model.Order@dffa7ce
2024-04-05T04:30:50.468+0800 INFO Closing JPA EntityManagerFactory for persistence unit 'default'
2024-04-05T04:30:50.471+0800 INFO HikariPool-1 - Shutdown initiated...
2024-04-05T04:30:50.478+0800 INFO HikariPool-1 - Shutdown completed.
2024-04-05T08:37:56.944+0800 WARN HikariPool-6 - Thread starvation or clock leap detected (housekeeper delta=3h40m39s366ms468µs200ns).
2024-04-05T08:47:55.358+0800 INFO HHH000204: Processing PersistenceUnitInfo [name: E-commerce_mySQL]
2024-04-05T08:47:55.389+0800 INFO HHH000412: Hibernate ORM core version 6.4.4.Final
2024-04-05T08:47:55.410+0800 INFO HHH000026: Second-level cache disabled
2024-04-05T08:47:55.548+0800 WARN HHH10001002: Using built-in connection pool (not intended for production use)
2024-04-05T08:47:55.551+0800 INFO HHH10001005: Loaded JDBC driver class: com.mysql.cj.jdbc.Driver
2024-04-05T08:47:55.551+0800 INFO HHH10001012: Connecting with JDBC URL [jdbc:mysql://localhost:3306/spring_ecommerce]
2024-04-05T08:47:55.551+0800 INFO HHH10001001: Connection properties: {password=****, user=root}
2024-04-05T08:47:55.551+0800 INFO HHH10001003: Autocommit mode: false
2024-04-05T08:47:55.553+0800 INFO HHH10001115: Connection pool size: 20 (min=1)
2024-04-05T08:47:55.858+0800 WARN HHH90000025: MySQL8Dialect does not need to be specified explicitly using 'hibernate.dialect' (remove the property setting and it will be selected by default)
2024-04-05T08:47:55.859+0800 WARN HHH90000026: MySQL8Dialect has been deprecated; use org.hibernate.dialect.MySQLDialect instead
2024-04-05T08:47:56.619+0800 INFO HHH000489: No JTA platform available (set 'hibernate.transaction.jta.platform' to enable JTA platform integration)
2024-04-05T08:47:56.846+0800 INFO HHH10001501: Connection obtained from JdbcConnectionAccess [org.hibernate.engine.jdbc.env.internal.JdbcEnvironmentInitiator$ConnectionProviderJdbcConnectionAccess@65da1cbe] for (non-JTA) DDL execution was not in auto-commit mode; the Connection 'local transaction' will be committed and the Connection will be set into auto-commit mode.
2024-04-05T08:47:57.118+0800 INFO HHH10001501: Connection obtained from JdbcConnectionAccess [org.hibernate.engine.jdbc.env.internal.JdbcEnvironmentInitiator$ConnectionProviderJdbcConnectionAccess@62a81453] for (non-JTA) DDL execution was not in auto-commit mode; the Connection 'local transaction' will be committed and the Connection will be set into auto-commit mode.
2024-04-05T08:56:17.096+0800 INFO Initializing Spring DispatcherServlet 'dispatcherServlet'
2024-04-05T08:56:17.096+0800 INFO Initializing Servlet 'dispatcherServlet'
2024-04-05T08:56:17.097+0800 INFO Completed initialization in 1 ms
2024-04-05T09:07:00.216+0800 INFO HHH000204: Processing PersistenceUnitInfo [name: E-commerce_mySQL]
2024-04-05T09:07:00.251+0800 INFO HHH000412: Hibernate ORM core version 6.4.4.Final
2024-04-05T09:07:00.276+0800 INFO HHH000026: Second-level cache disabled
2024-04-05T09:07:00.421+0800 WARN HHH10001002: Using built-in connection pool (not intended for production use)
2024-04-05T09:07:00.424+0800 INFO HHH10001005: Loaded JDBC driver class: com.mysql.cj.jdbc.Driver
2024-04-05T09:07:00.424+0800 INFO HHH10001012: Connecting with JDBC URL [jdbc:mysql://localhost:3306/spring_ecommerce]
2024-04-05T09:07:00.424+0800 INFO HHH10001001: Connection properties: {password=****, user=root}
2024-04-05T09:07:00.424+0800 INFO HHH10001003: Autocommit mode: false
2024-04-05T09:07:00.426+0800 INFO HHH10001115: Connection pool size: 20 (min=1)
2024-04-05T09:07:00.724+0800 WARN HHH90000025: MySQL8Dialect does not need to be specified explicitly using 'hibernate.dialect' (remove the property setting and it will be selected by default)
2024-04-05T09:07:00.725+0800 WARN HHH90000026: MySQL8Dialect has been deprecated; use org.hibernate.dialect.MySQLDialect instead
2024-04-05T09:07:01.514+0800 INFO HHH000489: No JTA platform available (set 'hibernate.transaction.jta.platform' to enable JTA platform integration)
2024-04-05T09:07:01.769+0800 INFO HHH10001501: Connection obtained from JdbcConnectionAccess [org.hibernate.engine.jdbc.env.internal.JdbcEnvironmentInitiator$ConnectionProviderJdbcConnectionAccess@65da1cbe] for (non-JTA) DDL execution was not in auto-commit mode; the Connection 'local transaction' will be committed and the Connection will be set into auto-commit mode.
2024-04-05T09:07:02.010+0800 INFO HHH10001501: Connection obtained from JdbcConnectionAccess [org.hibernate.engine.jdbc.env.internal.JdbcEnvironmentInitiator$ConnectionProviderJdbcConnectionAccess@62a81453] for (non-JTA) DDL execution was not in auto-commit mode; the Connection 'local transaction' will be committed and the Connection will be set into auto-commit mode.
2024-04-05T09:07:20.736+0800 INFO Starting SpringEcommerceApplication using Java 21.0.2 with PID 79040 (C:\Users\corwi\eclipse-workspace-java21\Spring-ecommerce\target\classes started by corwi in C:\Users\corwi\eclipse-workspace-java21\Spring-ecommerce)
2024-04-05T09:07:20.741+0800 INFO No active profile set, falling back to 1 default profile: "default"
2024-04-05T09:07:20.771+0800 INFO Devtools property defaults active! Set 'spring.devtools.add-properties' to 'false' to disable
2024-04-05T09:07:20.771+0800 INFO For additional web related logging consider setting the 'logging.level.web' property to 'DEBUG'
2024-04-05T09:07:21.208+0800 INFO Bootstrapping Spring Data JPA repositories in DEFAULT mode.
2024-04-05T09:07:21.247+0800 INFO Finished Spring Data repository scanning in 34 ms. Found 5 JPA repository interfaces.
2024-04-05T09:07:21.780+0800 INFO Tomcat initialized with port 8080 (http)
2024-04-05T09:07:21.795+0800 INFO Initializing ProtocolHandler ["http-nio-8080"]
2024-04-05T09:07:21.797+0800 INFO Starting service [Tomcat]
2024-04-05T09:07:21.797+0800 INFO Starting Servlet engine: [Apache Tomcat/10.1.19]
2024-04-05T09:07:21.837+0800 INFO Initializing Spring embedded WebApplicationContext
2024-04-05T09:07:21.838+0800 INFO Root WebApplicationContext: initialization completed in 1065 ms
2024-04-05T09:07:21.997+0800 INFO HHH000204: Processing PersistenceUnitInfo [name: default]
2024-04-05T09:07:22.035+0800 INFO HHH000412: Hibernate ORM core version 6.4.4.Final
2024-04-05T09:07:22.059+0800 INFO HHH000026: Second-level cache disabled
2024-04-05T09:07:22.205+0800 INFO No LoadTimeWeaver setup: ignoring JPA class transformer
2024-04-05T09:07:22.228+0800 INFO HikariPool-1 - Starting...
2024-04-05T09:07:22.454+0800 INFO HikariPool-1 - Added connection com.mysql.cj.jdbc.ConnectionImpl@2fa5a2ab
2024-04-05T09:07:22.456+0800 INFO HikariPool-1 - Start completed.
2024-04-05T09:07:22.492+0800 WARN HHH90000025: MySQLDialect does not need to be specified explicitly using 'hibernate.dialect' (remove the property setting and it will be selected by default)
2024-04-05T09:07:23.088+0800 INFO HHH000489: No JTA platform available (set 'hibernate.transaction.jta.platform' to enable JTA platform integration)
2024-04-05T09:07:23.330+0800 INFO Initialized JPA EntityManagerFactory for persistence unit 'default'
2024-04-05T09:07:23.532+0800 INFO Hibernate is in classpath; If applicable, HQL parser will be used.
2024-04-05T09:07:23.792+0800 WARN spring.jpa.open-in-view is enabled by default. Therefore, database queries may be performed during view rendering. Explicitly configure spring.jpa.open-in-view to disable this warning
2024-04-05T09:07:23.821+0800 INFO Adding welcome page template: index
2024-04-05T09:07:24.231+0800 WARN Unable to start LiveReload server
2024-04-05T09:07:24.245+0800 INFO Starting ProtocolHandler ["http-nio-8080"]
2024-04-05T09:07:24.251+0800 WARN Exception encountered during context initialization - cancelling refresh attempt: org.springframework.context.ApplicationContextException: Failed to start bean 'webServerStartStop'
2024-04-05T09:07:24.253+0800 INFO Closing JPA EntityManagerFactory for persistence unit 'default'
2024-04-05T09:07:24.258+0800 INFO HikariPool-1 - Shutdown initiated...
2024-04-05T09:07:24.270+0800 INFO HikariPool-1 - Shutdown completed.
2024-04-05T09:07:24.281+0800 INFO 

Error starting ApplicationContext. To display the condition evaluation report re-run your application with 'debug' enabled.
2024-04-05T09:07:24.302+0800 ERROR 

***************************
APPLICATION FAILED TO START
***************************

Description:

Web server failed to start. Port 8080 was already in use.

Action:

Identify and stop the process that's listening on port 8080 or configure this application to listen on another port.

2024-04-05T09:07:32.103+0800 INFO Starting SpringEcommerceApplication using Java 21.0.2 with PID 91228 (C:\Users\corwi\eclipse-workspace-java21\Spring-ecommerce\target\classes started by corwi in C:\Users\corwi\eclipse-workspace-java21\Spring-ecommerce)
2024-04-05T09:07:32.109+0800 INFO No active profile set, falling back to 1 default profile: "default"
2024-04-05T09:07:32.143+0800 INFO Devtools property defaults active! Set 'spring.devtools.add-properties' to 'false' to disable
2024-04-05T09:07:32.143+0800 INFO For additional web related logging consider setting the 'logging.level.web' property to 'DEBUG'
2024-04-05T09:07:32.588+0800 INFO Bootstrapping Spring Data JPA repositories in DEFAULT mode.
2024-04-05T09:07:32.628+0800 INFO Finished Spring Data repository scanning in 35 ms. Found 5 JPA repository interfaces.
2024-04-05T09:07:33.164+0800 INFO Tomcat initialized with port 8080 (http)
2024-04-05T09:07:33.177+0800 INFO Initializing ProtocolHandler ["http-nio-8080"]
2024-04-05T09:07:33.179+0800 INFO Starting service [Tomcat]
2024-04-05T09:07:33.179+0800 INFO Starting Servlet engine: [Apache Tomcat/10.1.19]
2024-04-05T09:07:33.220+0800 INFO Initializing Spring embedded WebApplicationContext
2024-04-05T09:07:33.222+0800 INFO Root WebApplicationContext: initialization completed in 1077 ms
2024-04-05T09:07:33.377+0800 INFO HHH000204: Processing PersistenceUnitInfo [name: default]
2024-04-05T09:07:33.417+0800 INFO HHH000412: Hibernate ORM core version 6.4.4.Final
2024-04-05T09:07:33.440+0800 INFO HHH000026: Second-level cache disabled
2024-04-05T09:07:33.588+0800 INFO No LoadTimeWeaver setup: ignoring JPA class transformer
2024-04-05T09:07:33.610+0800 INFO HikariPool-1 - Starting...
2024-04-05T09:07:33.838+0800 INFO HikariPool-1 - Added connection com.mysql.cj.jdbc.ConnectionImpl@2fa5a2ab
2024-04-05T09:07:33.839+0800 INFO HikariPool-1 - Start completed.
2024-04-05T09:07:33.877+0800 WARN HHH90000025: MySQLDialect does not need to be specified explicitly using 'hibernate.dialect' (remove the property setting and it will be selected by default)
2024-04-05T09:07:34.466+0800 INFO HHH000489: No JTA platform available (set 'hibernate.transaction.jta.platform' to enable JTA platform integration)
2024-04-05T09:07:34.701+0800 INFO Initialized JPA EntityManagerFactory for persistence unit 'default'
2024-04-05T09:07:34.912+0800 INFO Hibernate is in classpath; If applicable, HQL parser will be used.
2024-04-05T09:07:35.167+0800 WARN spring.jpa.open-in-view is enabled by default. Therefore, database queries may be performed during view rendering. Explicitly configure spring.jpa.open-in-view to disable this warning
2024-04-05T09:07:35.201+0800 INFO Adding welcome page template: index
2024-04-05T09:07:35.628+0800 INFO LiveReload server is running on port 35729
2024-04-05T09:07:35.643+0800 INFO Starting ProtocolHandler ["http-nio-8080"]
2024-04-05T09:07:35.670+0800 INFO Tomcat started on port 8080 (http) with context path ''
2024-04-05T09:07:35.681+0800 INFO Started SpringEcommerceApplication in 3.812 seconds (process running for 4.515)
2024-04-05T09:07:35.687+0800 INFO Application Start
2024-04-05T09:07:55.403+0800 INFO Initializing Spring DispatcherServlet 'dispatcherServlet'
2024-04-05T09:07:55.403+0800 INFO Initializing Servlet 'dispatcherServlet'
2024-04-05T09:07:55.405+0800 INFO Completed initialization in 2 ms
2024-04-05T09:07:55.572+0800 INFO invalid username or password input: User name = corwinyip Password = 123
2024-04-05T09:08:10.575+0800 INFO User registration processing...
2024-04-05T09:08:10.576+0800 INFO New register User : corwin
2024-04-05T09:08:24.206+0800 INFO invalid username or password input: User name = corwinyip Password = corwin1234
2024-04-05T09:08:28.500+0800 INFO User corwin successfully logged in
2024-04-05T09:08:28.506+0800 INFO corwin
2024-04-05T09:08:59.646+0800 INFO corwin updated FirstName : ching ho | LastName : yip| Address : hk
2024-04-05T09:08:59.668+0800 INFO corwin
2024-04-05T09:09:20.944+0800 INFO corwin updated FirstName : ching ho | LastName : yip| Address : singapore
2024-04-05T09:09:20.960+0800 INFO corwin
2024-04-05T09:09:34.331+0800 INFO corwin
2024-04-05T09:09:34.331+0800 INFO class java.lang.String
2024-04-05T09:09:53.055+0800 INFO Admin Authentication was successful!
2024-04-05T09:09:53.066+0800 INFO []
2024-04-05T09:10:11.711+0800 INFO register: Product [id=1, name=jordon, description=this is a pair of jordon]
2024-04-05T09:10:11.722+0800 INFO [Product [id=1, name=jordon, description=this is a pair of jordon]]
2024-04-05T09:10:24.183+0800 INFO register: Product [id=2, name=nike, description=this is a pair of nike]
2024-04-05T09:10:24.193+0800 INFO [Product [id=1, name=jordon, description=this is a pair of jordon], Product [id=2, name=nike, description=this is a pair of nike]]
2024-04-05T09:10:39.959+0800 INFO User corwin successfully logged in
2024-04-05T09:10:39.962+0800 INFO corwin
2024-04-05T09:10:42.498+0800 INFO corwin
2024-04-05T09:10:42.499+0800 INFO class java.lang.String
2024-04-05T09:10:51.518+0800 INFO start ordering
2024-04-05T09:10:51.518+0800 INFO received order from: corwin ordering: jordon
2024-04-05T09:10:51.522+0800 INFO found Product [id=1, name=jordon, description=this is a pair of jordon]
2024-04-05T09:10:51.552+0800 INFO com.fdmgroup.model.Order@17ebfef7
2024-04-05T09:10:51.557+0800 INFO corwin
2024-04-05T09:11:05.185+0800 INFO corwin
2024-04-05T09:11:05.185+0800 INFO class java.lang.String
2024-04-05T09:11:06.457+0800 INFO start ordering
2024-04-05T09:11:06.457+0800 INFO received order from: corwin ordering: jordon
2024-04-05T09:11:06.459+0800 INFO found Product [id=1, name=jordon, description=this is a pair of jordon]
2024-04-05T09:11:06.494+0800 INFO com.fdmgroup.model.Order@4e28fb95
2024-04-05T09:11:06.498+0800 INFO corwin
2024-04-05T09:11:20.365+0800 INFO corwin
2024-04-05T09:11:20.365+0800 INFO class java.lang.String
2024-04-05T09:11:21.168+0800 INFO start ordering
2024-04-05T09:11:21.169+0800 INFO received order from: corwin ordering: nike
2024-04-05T09:11:21.171+0800 INFO found Product [id=2, name=nike, description=this is a pair of nike]
2024-04-05T09:11:21.185+0800 INFO com.fdmgroup.model.Order@626599ee
2024-04-05T09:11:21.191+0800 INFO corwin
2024-04-05T09:11:25.163+0800 INFO User logged out.
2024-04-05T20:53:55.064+0800 INFO Restarting due to 1 class path change (0 additions, 0 deletions, 1 modification)
2024-04-05T20:53:55.073+0800 INFO Stopping ProtocolHandler ["http-nio-8080"]
2024-04-05T20:53:55.082+0800 INFO Closing JPA EntityManagerFactory for persistence unit 'default'
2024-04-05T20:53:55.088+0800 INFO HikariPool-1 - Shutdown initiated...
2024-04-05T20:53:55.096+0800 INFO HikariPool-1 - Shutdown completed.
2024-04-05T20:53:55.320+0800 INFO Starting SpringEcommerceApplication using Java 21.0.2 with PID 91228 (C:\Users\corwi\eclipse-workspace-java21\Spring-ecommerce\target\classes started by corwi in C:\Users\corwi\eclipse-workspace-java21\Spring-ecommerce)
2024-04-05T20:53:55.321+0800 INFO No active profile set, falling back to 1 default profile: "default"
2024-04-05T20:53:55.603+0800 INFO Bootstrapping Spring Data JPA repositories in DEFAULT mode.
2024-04-05T20:53:55.628+0800 INFO Finished Spring Data repository scanning in 24 ms. Found 5 JPA repository interfaces.
2024-04-05T20:53:55.807+0800 INFO Tomcat initialized with port 8080 (http)
2024-04-05T20:53:55.810+0800 INFO Initializing ProtocolHandler ["http-nio-8080"]
2024-04-05T20:53:55.811+0800 INFO Starting service [Tomcat]
2024-04-05T20:53:55.811+0800 INFO Starting Servlet engine: [Apache Tomcat/10.1.19]
2024-04-05T20:53:55.847+0800 INFO Initializing Spring embedded WebApplicationContext
2024-04-05T20:53:55.847+0800 INFO Root WebApplicationContext: initialization completed in 522 ms
2024-04-05T20:53:55.924+0800 INFO HHH000204: Processing PersistenceUnitInfo [name: default]
2024-04-05T20:53:55.928+0800 INFO HHH000026: Second-level cache disabled
2024-04-05T20:53:55.934+0800 INFO No LoadTimeWeaver setup: ignoring JPA class transformer
2024-04-05T20:53:55.937+0800 INFO HikariPool-2 - Starting...
2024-04-05T20:53:55.952+0800 INFO HikariPool-2 - Added connection com.mysql.cj.jdbc.ConnectionImpl@41bbd066
2024-04-05T20:53:55.952+0800 INFO HikariPool-2 - Start completed.
2024-04-05T20:53:55.954+0800 WARN HHH90000025: MySQLDialect does not need to be specified explicitly using 'hibernate.dialect' (remove the property setting and it will be selected by default)
